12/02 22:56:26  INFO com.intellij.internal.statistic.uploader - Process started with '--ide-token /Users/jason/IdeaProjects/jasonTest/build/idea-sandbox/system/token --recorders FUS;MP --device-fus 1202252601c28ad-206c-486d-ae54-cc731940a873 --bucket-fus 184 --machine-fus b4472f9ffb471d6627c7d89d8066bc976880195e7c57135d80559ba66b2fc3e5 --id-revision-fus 0 --files-fus /Users/jason/IdeaProjects/jasonTest/build/idea-sandbox/system/event-log-data/logs/FUS/17f6-4e44-b3fe-01875b3e6a97-241.19416.15-release.log:/Users/jason/IdeaProjects/jasonTest/build/idea-sandbox/system/event-log-data/logs/FUS/1f91-472b-b3a9-4fb0ce5aebff-241.19416.15-release.log --escape-fus true --device-mp 120225232ea952f-3b36-48cc-a317-4bf5ce1ec975 --bucket-mp 248 --machine-mp cec3ff2c5db8d803ff118e391a71475b6c8bb668fe5f0e3b8e180514388be264 --id-revision-mp 0 --files-mp  --escape-mp true --url https://resources.jetbrains.com/storage/fus/config/v4/%s/%s.json --product IC --product-version 2024.1.7 --baseline-version 241 --user-agent IntelliJ IDEA/241.19416.15 --extra-headers '
12/02 22:56:26  INFO com.intellij.internal.statistic.uploader - Classpath:/Users/jason/.gradle/caches/modules-2/files-2.1/com.jetbrains.intellij.idea/ideaIC/2024.1.7/f31c106937e44233f20ad78c2acd32b735267f6c/ideaIC-2024.1.7/lib/util-8.jar:/Users/jason/.gradle/caches/modules-2/files-2.1/com.jetbrains.intellij.idea/ideaIC/2024.1.7/f31c106937e44233f20ad78c2acd32b735267f6c/ideaIC-2024.1.7/lib/annotations.jar:/Users/jason/.gradle/caches/modules-2/files-2.1/com.jetbrains.intellij.idea/ideaIC/2024.1.7/f31c106937e44233f20ad78c2acd32b735267f6c/ideaIC-2024.1.7/lib/lib-client.jar:/Users/jason/.gradle/caches/modules-2/files-2.1/com.jetbrains.intellij.idea/ideaIC/2024.1.7/f31c106937e44233f20ad78c2acd32b735267f6c/ideaIC-2024.1.7/lib/stats.jar
12/02 22:56:26  INFO com.intellij.internal.statistic.uploader.events - 1739372186611 STARTED ALL
12/02 22:56:26  INFO com.intellij.internal.statistic.uploader - IDE token file: /Users/jason/IdeaProjects/jasonTest/build/idea-sandbox/system/token
12/02 22:56:26  INFO com.intellij.internal.statistic.uploader - [FUS] Start uploading...
12/02 22:56:26  INFO com.intellij.internal.statistic.uploader - [MP] Start uploading...
12/02 22:56:26  INFO com.intellij.internal.statistic.uploader - [FUS] {product:IC, productVersion:2024.1.7, userAgent:IntelliJ IDEA/241.19416.15(External), url: https://resources.jetbrains.com/storage/fus/config/v4/%s/%s.json, internal:false, isTestConfig:false, isTestSendEndpoint:false}
12/02 22:56:26  INFO com.intellij.internal.statistic.uploader - [MP] {product:IC, productVersion:2024.1.7, userAgent:IntelliJ IDEA/241.19416.15(External), url: https://resources.jetbrains.com/storage/fus/config/v4/%s/%s.json, internal:false, isTestConfig:false, isTestSendEndpoint:false}
12/02 22:56:26  INFO com.intellij.internal.statistic.uploader - [MP] {recorder:MP, files:}
12/02 22:56:26  INFO com.intellij.internal.statistic.uploader - [FUS] {recorder:FUS, files:/Users/jason/IdeaProjects/jasonTest/build/idea-sandbox/system/event-log-data/logs/FUS/17f6-4e44-b3fe-01875b3e6a97-241.19416.15-release.log:/Users/jason/IdeaProjects/jasonTest/build/idea-sandbox/system/event-log-data/logs/FUS/1f91-472b-b3a9-4fb0ce5aebff-241.19416.15-release.log}
12/02 22:56:26  INFO com.intellij.internal.statistic.uploader - [FUS] {device:1202252601c28ad-206c-486d-ae54-cc731940a873, bucket:184}
12/02 22:56:26  INFO com.intellij.internal.statistic.uploader - [MP] {device:120225232ea952f-3b36-48cc-a317-4bf5ce1ec975, bucket:248}
12/02 22:56:26  INFO com.intellij.internal.statistic.uploader.events - 1739372186639 FINISHED MP NOTHING_TO_SEND
12/02 22:56:26 FINER com.intellij.internal.statistic.uploader - [MP] Uploading finished with NOTHING_TO_SEND
12/02 22:56:26 FINER com.intellij.internal.statistic.uploader - [MP] No files to send
12/02 22:56:30 FINER com.intellij.internal.statistic.uploader - 17f6-4e44-b3fe-01875b3e6a97-241.19416.15-release.log -> ""
12/02 22:56:31 FINER com.intellij.internal.statistic.uploader - 1f91-472b-b3a9-4fb0ce5aebff-241.19416.15-release.log -> ""
12/02 22:56:31 FINER com.intellij.internal.statistic.uploader - Removed sent log: 17f6-4e44-b3fe-01875b3e6a97-241.19416.15-release.log
12/02 22:56:31 FINER com.intellij.internal.statistic.uploader - Removed sent log: 1f91-472b-b3a9-4fb0ce5aebff-241.19416.15-release.log
12/02 22:56:31  INFO com.intellij.internal.statistic.uploader.events - 1739372191843 SEND FUS 2 0 2 [L1VzZXJzL2phc29uL0lkZWFQcm9qZWN0cy9qYXNvblRlc3QvYnVpbGQvaWRlYS1zYW5kYm94L3N5c3RlbS9ldmVudC1sb2ctZGF0YS9sb2dzL0ZVUy8xN2Y2LTRlNDQtYjNmZS0wMTg3NWIzZTZhOTctMjQxLjE5NDE2LjE1LXJlbGVhc2UubG9n,L1VzZXJzL2phc29uL0lkZWFQcm9qZWN0cy9qYXNvblRlc3QvYnVpbGQvaWRlYS1zYW5kYm94L3N5c3RlbS9ldmVudC1sb2ctZGF0YS9sb2dzL0ZVUy8xZjkxLTQ3MmItYjNhOS00ZmIwY2U1YWViZmYtMjQxLjE5NDE2LjE1LXJlbGVhc2UubG9n] []
12/02 22:56:31  INFO com.intellij.internal.statistic.uploader.events - 1739372191845 FINISHED FUS
12/02 22:56:31 FINER com.intellij.internal.statistic.uploader - [FUS] Uploading finished with SEND
12/02 22:56:31 FINER com.intellij.internal.statistic.uploader - [FUS] Uploaded 2 files.
